Using pre-set license
Built from 'trunk' branch; Version is '2020.2.0a21 (3e0d5f775006) revision 4066655'; Using compiler version '192528614'; Build Type 'Release'
OS: 'Windows 10  (10.0.0) 64bit' Language: 'en' Physical Memory: 8053 MB
BatchMode: 1, IsHumanControllingUs: 0, StartBugReporterOnCrash: 0, Is64bit: 1, IsPro: 0

 COMMAND LINE ARGUMENTS:
Z:\UNITY EDITORS\2020.2.0a21\Editor\Unity.exe
-adb2
-batchMode
-noUpm
-name
AssetImportWorker1
-projectPath
Z:/projects/TweenExample
-logFile
Logs/AssetImportWorker1.log
-srvPort
56304
Successfully changed project path to: Z:/projects/TweenExample
Z:/projects/TweenExample
Using Asset Import Pipeline V2.
Refreshing native plugins compatible for Editor in 35.28 ms, found 1 plugins.
Preloading 0 native plugins for Editor in 0.00 ms.
Initialize engine version: 2020.2.0a21 (3e0d5f775006)
[Subsystems] Discovering subsystems at path Z:/UNITY EDITORS/2020.2.0a21/Editor/Data/Resources/UnitySubsystems
[Subsystems] Discovering subsystems at path Z:/projects/TweenExample/Assets
GfxDevice: creating device client; threaded=0
Direct3D:
    Version:  Direct3D 11.0 [level 11.1]
    Renderer: NVIDIA GeForce GTX 1070 (ID=0x1b81)
    Vendor:   
    VRAM:     8088 MB
    Driver:   27.21.14.5671
Launched and connected shader compiler UnityShaderCompiler.exe after 0.10 seconds
Initialize mono
Mono path[0] = 'Z:/UNITY EDITORS/2020.2.0a21/Editor/Data/Managed'
Mono path[1] = 'Z:/UNITY EDITORS/2020.2.0a21/Editor/Data/MonoBleedingEdge/lib/mono/unityjit'
Mono config path = 'Z:/UNITY EDITORS/2020.2.0a21/Editor/Data/MonoBleedingEdge/etc'
Using monoOptions --debugger-agent=transport=dt_socket,embedding=1,server=y,suspend=n,address=127.0.0.1:56444
Begin MonoManager ReloadAssembly
Registering precompiled unity dll's ...
Register platform support module: Z:/UNITY EDITORS/2020.2.0a21/Editor/Data/PlaybackEngines/WindowsStandaloneSupport/UnityEditor.WindowsStandalone.Extensions.dll
Registered in 0.001051 seconds.
Native extension for WindowsStandalone target not found
Refreshing native plugins compatible for Editor in 39.35 ms, found 1 plugins.
Preloading 0 native plugins for Editor in 0.00 ms.
Invoked RoslynAnalysisRunner static constructor.
RoslynAnalysisRunner will not be running.
RoslynAnalysisRunner has terminated.
Mono: successfully reloaded assembly
- Completed reload, in  2.796 seconds
Registering precompiled user dll's ...
Registered in 0.124361 seconds.
Platform modules already initialized, skipping
Begin MonoManager ReloadAssembly
Symbol file LoadedFromMemory doesn't match image Z:\projects\TweenExample\Library\PackageCache\com.unity.ext.nunit@1.0.0\net35\unity-custom\nunit.framework.dll
Native extension for WindowsStandalone target not found
Refreshing native plugins compatible for Editor in 49.44 ms, found 1 plugins.
Preloading 0 native plugins for Editor in 0.00 ms.
Invoked RoslynAnalysisRunner static constructor.
RoslynAnalysisRunner will not be running.
RoslynAnalysisRunner has terminated.
Mono: successfully reloaded assembly
- Completed reload, in  0.926 seconds
Platform modules already initialized, skipping
========================================================================
Worker process is ready to serve import requests
Shader compiler: UnityShaderCompiler.exe compiler executable disappeared on thread 8912, restarting
Launched and connected shader compiler UnityShaderCompiler.exe after 0.05 seconds
Refreshing native plugins compatible for Editor in 0.34 ms, found 1 plugins.
Preloading 0 native plugins for Editor in 0.00 ms.
Unloading 1782 Unused Serialized files (Serialized files now loaded: 0)
System memory in use before: 84.8 MB.
System memory in use after: 84.8 MB.

Unloading 12 unused Assets to reduce memory usage. Loaded Objects now: 2242.
Total: 2.878700 ms (FindLiveObjects: 0.409500 ms CreateObjectMapping: 0.069900 ms MarkObjects: 2.261300 ms  DeleteObjects: 0.137000 ms)

========================================================================
Received Import Request.
  path: Assets/Scripts/TweenFade.cs
  artifactKey: Guid(6f9fc60bbe50bd4429e6026c91634cce) Importer(815301076,1909f56bfc062723c751e8b465ee728b)
Start importing Assets/Scripts/TweenFade.cs using Guid(6f9fc60bbe50bd4429e6026c91634cce) Importer(815301076,1909f56bfc062723c751e8b465ee728b)  -> (artifact id: '00000000000000000000000000000000') in 0.029393 seconds
  ERROR: Build asset version error: assets/scripts/tweenfade.cs in SourceAssetDB has modification time of '2020-12-12T11:33:05.6804866Z' while content on disk has modification time of '2020-12-12T11:33:16.5397237Z'
  Import took 0.032668 seconds .

========================================================================
Received Import Request.
  Time since last request: 0.047582 seconds.
  path: Assets/Scripts/TweenFade.cs
  artifactKey: Guid(6f9fc60bbe50bd4429e6026c91634cce) Importer(815301076,1909f56bfc062723c751e8b465ee728b)
Start importing Assets/Scripts/TweenFade.cs using Guid(6f9fc60bbe50bd4429e6026c91634cce) Importer(815301076,1909f56bfc062723c751e8b465ee728b)  -> (artifact id: '00000000000000000000000000000000') in 0.000240 seconds
  ERROR: Build asset version error: assets/scripts/tweenfade.cs in SourceAssetDB has modification time of '2020-12-12T11:33:05.6804866Z' while content on disk has modification time of '2020-12-12T11:33:16.5397237Z'
  Import took 0.003538 seconds .

========================================================================
Received Import Request.
  Time since last request: 0.114788 seconds.
  path: Assets/Scripts/TweenFade.cs
  artifactKey: Guid(6f9fc60bbe50bd4429e6026c91634cce) Importer(815301076,1909f56bfc062723c751e8b465ee728b)
Start importing Assets/Scripts/TweenFade.cs using Guid(6f9fc60bbe50bd4429e6026c91634cce) Importer(815301076,1909f56bfc062723c751e8b465ee728b)  -> (artifact id: '00000000000000000000000000000000') in 0.000209 seconds
  ERROR: Build asset version error: assets/scripts/tweenfade.cs in SourceAssetDB has modification time of '2020-12-12T11:33:05.6804866Z' while content on disk has modification time of '2020-12-12T11:33:16.5397237Z'
  Import took 0.003530 seconds .

========================================================================
Received Import Request.
  Time since last request: 0.113111 seconds.
  path: Assets/Scripts/TweenFade.cs
  artifactKey: Guid(6f9fc60bbe50bd4429e6026c91634cce) Importer(815301076,1909f56bfc062723c751e8b465ee728b)
Start importing Assets/Scripts/TweenFade.cs using Guid(6f9fc60bbe50bd4429e6026c91634cce) Importer(815301076,1909f56bfc062723c751e8b465ee728b)  -> (artifact id: '00000000000000000000000000000000') in 0.000231 seconds
  ERROR: Build asset version error: assets/scripts/tweenfade.cs in SourceAssetDB has modification time of '2020-12-12T11:33:05.6804866Z' while content on disk has modification time of '2020-12-12T11:33:16.5397237Z'
  Import took 0.004246 seconds .

========================================================================
Received Import Request.
  Time since last request: 0.116355 seconds.
  path: Assets/Scripts/TweenFade.cs
  artifactKey: Guid(6f9fc60bbe50bd4429e6026c91634cce) Importer(815301076,1909f56bfc062723c751e8b465ee728b)
Start importing Assets/Scripts/TweenFade.cs using Guid(6f9fc60bbe50bd4429e6026c91634cce) Importer(815301076,1909f56bfc062723c751e8b465ee728b)  -> (artifact id: '00000000000000000000000000000000') in 0.000233 seconds
  ERROR: Build asset version error: assets/scripts/tweenfade.cs in SourceAssetDB has modification time of '2020-12-12T11:33:05.6804866Z' while content on disk has modification time of '2020-12-12T11:33:16.5397237Z'
  Import took 0.003905 seconds .

========================================================================
Received Import Request.
  Time since last request: 0.117808 seconds.
  path: Assets/Scripts/TweenFade.cs
  artifactKey: Guid(6f9fc60bbe50bd4429e6026c91634cce) Importer(815301076,1909f56bfc062723c751e8b465ee728b)
Start importing Assets/Scripts/TweenFade.cs using Guid(6f9fc60bbe50bd4429e6026c91634cce) Importer(815301076,1909f56bfc062723c751e8b465ee728b)  -> (artifact id: '00000000000000000000000000000000') in 0.000223 seconds
  ERROR: Build asset version error: assets/scripts/tweenfade.cs in SourceAssetDB has modification time of '2020-12-12T11:33:05.6804866Z' while content on disk has modification time of '2020-12-12T11:33:16.5397237Z'
  Import took 0.003911 seconds .

========================================================================
Received Import Request.
  Time since last request: 0.112736 seconds.
  path: Assets/Scripts/TweenFade.cs
  artifactKey: Guid(6f9fc60bbe50bd4429e6026c91634cce) Importer(815301076,1909f56bfc062723c751e8b465ee728b)
Start importing Assets/Scripts/TweenFade.cs using Guid(6f9fc60bbe50bd4429e6026c91634cce) Importer(815301076,1909f56bfc062723c751e8b465ee728b)  -> (artifact id: '00000000000000000000000000000000') in 0.000270 seconds
  ERROR: Build asset version error: assets/scripts/tweenfade.cs in SourceAssetDB has modification time of '2020-12-12T11:33:05.6804866Z' while content on disk has modification time of '2020-12-12T11:33:16.5397237Z'
  Import took 0.004355 seconds .

========================================================================
Received Import Request.
  Time since last request: 0.112477 seconds.
  path: Assets/Scripts/TweenFade.cs
  artifactKey: Guid(6f9fc60bbe50bd4429e6026c91634cce) Importer(815301076,1909f56bfc062723c751e8b465ee728b)
Start importing Assets/Scripts/TweenFade.cs using Guid(6f9fc60bbe50bd4429e6026c91634cce) Importer(815301076,1909f56bfc062723c751e8b465ee728b)  -> (artifact id: '00000000000000000000000000000000') in 0.000276 seconds
  ERROR: Build asset version error: assets/scripts/tweenfade.cs in SourceAssetDB has modification time of '2020-12-12T11:33:05.6804866Z' while content on disk has modification time of '2020-12-12T11:33:16.5397237Z'
  Import took 0.003979 seconds .

========================================================================
Received Import Request.
  Time since last request: 0.113803 seconds.
  path: Assets/Scripts/TweenFade.cs
  artifactKey: Guid(6f9fc60bbe50bd4429e6026c91634cce) Importer(815301076,1909f56bfc062723c751e8b465ee728b)
Start importing Assets/Scripts/TweenFade.cs using Guid(6f9fc60bbe50bd4429e6026c91634cce) Importer(815301076,1909f56bfc062723c751e8b465ee728b)  -> (artifact id: '00000000000000000000000000000000') in 0.000228 seconds
  ERROR: Build asset version error: assets/scripts/tweenfade.cs in SourceAssetDB has modification time of '2020-12-12T11:33:05.6804866Z' while content on disk has modification time of '2020-12-12T11:33:16.5397237Z'
  Import took 0.003792 seconds .

========================================================================
Received Import Request.
  Time since last request: 0.115277 seconds.
  path: Assets/Scripts/TweenFade.cs
  artifactKey: Guid(6f9fc60bbe50bd4429e6026c91634cce) Importer(815301076,1909f56bfc062723c751e8b465ee728b)
Start importing Assets/Scripts/TweenFade.cs using Guid(6f9fc60bbe50bd4429e6026c91634cce) Importer(815301076,1909f56bfc062723c751e8b465ee728b)  -> (artifact id: '00000000000000000000000000000000') in 0.000232 seconds
  ERROR: Build asset version error: assets/scripts/tweenfade.cs in SourceAssetDB has modification time of '2020-12-12T11:33:05.6804866Z' while content on disk has modification time of '2020-12-12T11:33:16.5397237Z'
  Import took 0.003753 seconds .

========================================================================
Received Import Request.
  Time since last request: 0.118367 seconds.
  path: Assets/Scripts/TweenFade.cs
  artifactKey: Guid(6f9fc60bbe50bd4429e6026c91634cce) Importer(815301076,1909f56bfc062723c751e8b465ee728b)
Start importing Assets/Scripts/TweenFade.cs using Guid(6f9fc60bbe50bd4429e6026c91634cce) Importer(815301076,1909f56bfc062723c751e8b465ee728b)  -> (artifact id: '00000000000000000000000000000000') in 0.000254 seconds
  ERROR: Build asset version error: assets/scripts/tweenfade.cs in SourceAssetDB has modification time of '2020-12-12T11:33:05.6804866Z' while content on disk has modification time of '2020-12-12T11:33:16.5397237Z'
  Import took 0.003589 seconds .

========================================================================
Received Import Request.
  Time since last request: 0.113969 seconds.
  path: Assets/Scripts/TweenFade.cs
  artifactKey: Guid(6f9fc60bbe50bd4429e6026c91634cce) Importer(815301076,1909f56bfc062723c751e8b465ee728b)
Start importing Assets/Scripts/TweenFade.cs using Guid(6f9fc60bbe50bd4429e6026c91634cce) Importer(815301076,1909f56bfc062723c751e8b465ee728b)  -> (artifact id: '00000000000000000000000000000000') in 0.000271 seconds
  ERROR: Build asset version error: assets/scripts/tweenfade.cs in SourceAssetDB has modification time of '2020-12-12T11:33:05.6804866Z' while content on disk has modification time of '2020-12-12T11:33:16.5397237Z'
  Import took 0.003970 seconds .

========================================================================
Received Import Request.
  Time since last request: 0.112772 seconds.
  path: Assets/Scripts/TweenFade.cs
  artifactKey: Guid(6f9fc60bbe50bd4429e6026c91634cce) Importer(815301076,1909f56bfc062723c751e8b465ee728b)
Start importing Assets/Scripts/TweenFade.cs using Guid(6f9fc60bbe50bd4429e6026c91634cce) Importer(815301076,1909f56bfc062723c751e8b465ee728b)  -> (artifact id: '00000000000000000000000000000000') in 0.000222 seconds
  ERROR: Build asset version error: assets/scripts/tweenfade.cs in SourceAssetDB has modification time of '2020-12-12T11:33:05.6804866Z' while content on disk has modification time of '2020-12-12T11:33:16.5397237Z'
  Import took 0.004285 seconds .

========================================================================
Received Import Request.
  Time since last request: 0.113608 seconds.
  path: Assets/Scripts/TweenFade.cs
  artifactKey: Guid(6f9fc60bbe50bd4429e6026c91634cce) Importer(815301076,1909f56bfc062723c751e8b465ee728b)
Start importing Assets/Scripts/TweenFade.cs using Guid(6f9fc60bbe50bd4429e6026c91634cce) Importer(815301076,1909f56bfc062723c751e8b465ee728b)  -> (artifact id: '00000000000000000000000000000000') in 0.000274 seconds
  ERROR: Build asset version error: assets/scripts/tweenfade.cs in SourceAssetDB has modification time of '2020-12-12T11:33:05.6804866Z' while content on disk has modification time of '2020-12-12T11:33:16.5397237Z'
  Import took 0.003704 seconds .

========================================================================
Received Import Request.
  Time since last request: 0.113948 seconds.
  path: Assets/Scripts/TweenFade.cs
  artifactKey: Guid(6f9fc60bbe50bd4429e6026c91634cce) Importer(815301076,1909f56bfc062723c751e8b465ee728b)
Start importing Assets/Scripts/TweenFade.cs using Guid(6f9fc60bbe50bd4429e6026c91634cce) Importer(815301076,1909f56bfc062723c751e8b465ee728b)  -> (artifact id: '00000000000000000000000000000000') in 0.000255 seconds
  ERROR: Build asset version error: assets/scripts/tweenfade.cs in SourceAssetDB has modification time of '2020-12-12T11:33:05.6804866Z' while content on disk has modification time of '2020-12-12T11:33:16.5397237Z'
  Import took 0.004681 seconds .

========================================================================
Received Import Request.
  Time since last request: 0.116667 seconds.
  path: Assets/Scripts/TweenFade.cs
  artifactKey: Guid(6f9fc60bbe50bd4429e6026c91634cce) Importer(815301076,1909f56bfc062723c751e8b465ee728b)
Start importing Assets/Scripts/TweenFade.cs using Guid(6f9fc60bbe50bd4429e6026c91634cce) Importer(815301076,1909f56bfc062723c751e8b465ee728b)  -> (artifact id: '00000000000000000000000000000000') in 0.000228 seconds
  ERROR: Build asset version error: assets/scripts/tweenfade.cs in SourceAssetDB has modification time of '2020-12-12T11:33:05.6804866Z' while content on disk has modification time of '2020-12-12T11:33:16.5397237Z'
  Import took 0.003988 seconds .

========================================================================
Received Import Request.
  Time since last request: 0.112876 seconds.
  path: Assets/Scripts/TweenFade.cs
  artifactKey: Guid(6f9fc60bbe50bd4429e6026c91634cce) Importer(815301076,1909f56bfc062723c751e8b465ee728b)
Start importing Assets/Scripts/TweenFade.cs using Guid(6f9fc60bbe50bd4429e6026c91634cce) Importer(815301076,1909f56bfc062723c751e8b465ee728b)  -> (artifact id: '00000000000000000000000000000000') in 0.000391 seconds
  ERROR: Build asset version error: assets/scripts/tweenfade.cs in SourceAssetDB has modification time of '2020-12-12T11:33:05.6804866Z' while content on disk has modification time of '2020-12-12T11:33:16.5397237Z'
  Import took 0.005303 seconds .

========================================================================
Received Import Request.
  Time since last request: 0.110434 seconds.
  path: Assets/Scripts/TweenFade.cs
  artifactKey: Guid(6f9fc60bbe50bd4429e6026c91634cce) Importer(815301076,1909f56bfc062723c751e8b465ee728b)
Start importing Assets/Scripts/TweenFade.cs using Guid(6f9fc60bbe50bd4429e6026c91634cce) Importer(815301076,1909f56bfc062723c751e8b465ee728b)  -> (artifact id: '00000000000000000000000000000000') in 0.000211 seconds
  ERROR: Build asset version error: assets/scripts/tweenfade.cs in SourceAssetDB has modification time of '2020-12-12T11:33:05.6804866Z' while content on disk has modification time of '2020-12-12T11:33:16.5397237Z'
  Import took 0.003367 seconds .

========================================================================
Received Import Request.
  Time since last request: 0.114937 seconds.
  path: Assets/Scripts/TweenFade.cs
  artifactKey: Guid(6f9fc60bbe50bd4429e6026c91634cce) Importer(815301076,1909f56bfc062723c751e8b465ee728b)
Start importing Assets/Scripts/TweenFade.cs using Guid(6f9fc60bbe50bd4429e6026c91634cce) Importer(815301076,1909f56bfc062723c751e8b465ee728b)  -> (artifact id: '00000000000000000000000000000000') in 0.000220 seconds
  ERROR: Build asset version error: assets/scripts/tweenfade.cs in SourceAssetDB has modification time of '2020-12-12T11:33:05.6804866Z' while content on disk has modification time of '2020-12-12T11:33:16.5397237Z'
  Import took 0.003676 seconds .

========================================================================
Received Import Request.
  Time since last request: 0.111260 seconds.
  path: Assets/Scripts/TweenFade.cs
  artifactKey: Guid(6f9fc60bbe50bd4429e6026c91634cce) Importer(815301076,1909f56bfc062723c751e8b465ee728b)
Start importing Assets/Scripts/TweenFade.cs using Guid(6f9fc60bbe50bd4429e6026c91634cce) Importer(815301076,1909f56bfc062723c751e8b465ee728b)  -> (artifact id: '00000000000000000000000000000000') in 0.000259 seconds
  ERROR: Build asset version error: assets/scripts/tweenfade.cs in SourceAssetDB has modification time of '2020-12-12T11:33:05.6804866Z' while content on disk has modification time of '2020-12-12T11:33:16.5397237Z'
  Import took 0.004040 seconds .

========================================================================
Received Import Request.
  Time since last request: 0.113558 seconds.
  path: Assets/Scripts/TweenFade.cs
  artifactKey: Guid(6f9fc60bbe50bd4429e6026c91634cce) Importer(815301076,1909f56bfc062723c751e8b465ee728b)
Start importing Assets/Scripts/TweenFade.cs using Guid(6f9fc60bbe50bd4429e6026c91634cce) Importer(815301076,1909f56bfc062723c751e8b465ee728b)  -> (artifact id: '00000000000000000000000000000000') in 0.000357 seconds
  ERROR: Build asset version error: assets/scripts/tweenfade.cs in SourceAssetDB has modification time of '2020-12-12T11:33:05.6804866Z' while content on disk has modification time of '2020-12-12T11:33:16.5397237Z'
  Import took 0.003944 seconds .

========================================================================
Received Import Request.
  Time since last request: 0.116198 seconds.
  path: Assets/Scripts/TweenFade.cs
  artifactKey: Guid(6f9fc60bbe50bd4429e6026c91634cce) Importer(815301076,1909f56bfc062723c751e8b465ee728b)
Start importing Assets/Scripts/TweenFade.cs using Guid(6f9fc60bbe50bd4429e6026c91634cce) Importer(815301076,1909f56bfc062723c751e8b465ee728b)  -> (artifact id: '00000000000000000000000000000000') in 0.000213 seconds
  ERROR: Build asset version error: assets/scripts/tweenfade.cs in SourceAssetDB has modification time of '2020-12-12T11:33:05.6804866Z' while content on disk has modification time of '2020-12-12T11:33:16.5397237Z'
  Import took 0.003688 seconds .

========================================================================
Received Import Request.
  Time since last request: 0.115112 seconds.
  path: Assets/Scripts/TweenFade.cs
  artifactKey: Guid(6f9fc60bbe50bd4429e6026c91634cce) Importer(815301076,1909f56bfc062723c751e8b465ee728b)
Start importing Assets/Scripts/TweenFade.cs using Guid(6f9fc60bbe50bd4429e6026c91634cce) Importer(815301076,1909f56bfc062723c751e8b465ee728b)  -> (artifact id: '00000000000000000000000000000000') in 0.000209 seconds
  ERROR: Build asset version error: assets/scripts/tweenfade.cs in SourceAssetDB has modification time of '2020-12-12T11:33:05.6804866Z' while content on disk has modification time of '2020-12-12T11:33:16.5397237Z'
  Import took 0.003463 seconds .

========================================================================
Received Import Request.
  Time since last request: 0.113498 seconds.
  path: Assets/Scripts/TweenFade.cs
  artifactKey: Guid(6f9fc60bbe50bd4429e6026c91634cce) Importer(815301076,1909f56bfc062723c751e8b465ee728b)
Start importing Assets/Scripts/TweenFade.cs using Guid(6f9fc60bbe50bd4429e6026c91634cce) Importer(815301076,1909f56bfc062723c751e8b465ee728b)  -> (artifact id: '00000000000000000000000000000000') in 0.000211 seconds
  ERROR: Build asset version error: assets/scripts/tweenfade.cs in SourceAssetDB has modification time of '2020-12-12T11:33:05.6804866Z' while content on disk has modification time of '2020-12-12T11:33:16.5397237Z'
  Import took 0.003780 seconds .

========================================================================
Received Import Request.
  Time since last request: 0.112632 seconds.
  path: Assets/Scripts/TweenFade.cs
  artifactKey: Guid(6f9fc60bbe50bd4429e6026c91634cce) Importer(815301076,1909f56bfc062723c751e8b465ee728b)
Start importing Assets/Scripts/TweenFade.cs using Guid(6f9fc60bbe50bd4429e6026c91634cce) Importer(815301076,1909f56bfc062723c751e8b465ee728b)  -> (artifact id: '00000000000000000000000000000000') in 0.000281 seconds
  ERROR: Build asset version error: assets/scripts/tweenfade.cs in SourceAssetDB has modification time of '2020-12-12T11:33:05.6804866Z' while content on disk has modification time of '2020-12-12T11:33:16.5397237Z'
  Import took 0.003942 seconds .

========================================================================
Received Import Request.
  Time since last request: 0.111590 seconds.
  path: Assets/Scripts/TweenFade.cs
  artifactKey: Guid(6f9fc60bbe50bd4429e6026c91634cce) Importer(815301076,1909f56bfc062723c751e8b465ee728b)
Start importing Assets/Scripts/TweenFade.cs using Guid(6f9fc60bbe50bd4429e6026c91634cce) Importer(815301076,1909f56bfc062723c751e8b465ee728b)  -> (artifact id: '00000000000000000000000000000000') in 0.000213 seconds
  ERROR: Build asset version error: assets/scripts/tweenfade.cs in SourceAssetDB has modification time of '2020-12-12T11:33:05.6804866Z' while content on disk has modification time of '2020-12-12T11:33:16.5397237Z'
  Import took 0.003631 seconds .

========================================================================
Received Import Request.
  Time since last request: 0.117737 seconds.
  path: Assets/Scripts/TweenFade.cs
  artifactKey: Guid(6f9fc60bbe50bd4429e6026c91634cce) Importer(815301076,1909f56bfc062723c751e8b465ee728b)
Start importing Assets/Scripts/TweenFade.cs using Guid(6f9fc60bbe50bd4429e6026c91634cce) Importer(815301076,1909f56bfc062723c751e8b465ee728b)  -> (artifact id: '00000000000000000000000000000000') in 0.000243 seconds
  ERROR: Build asset version error: assets/scripts/tweenfade.cs in SourceAssetDB has modification time of '2020-12-12T11:33:05.6804866Z' while content on disk has modification time of '2020-12-12T11:33:16.5397237Z'
  Import took 0.003629 seconds .

========================================================================
Received Import Request.
  Time since last request: 0.122334 seconds.
  path: Assets/Scripts/TweenFade.cs
  artifactKey: Guid(6f9fc60bbe50bd4429e6026c91634cce) Importer(815301076,1909f56bfc062723c751e8b465ee728b)
Start importing Assets/Scripts/TweenFade.cs using Guid(6f9fc60bbe50bd4429e6026c91634cce) Importer(815301076,1909f56bfc062723c751e8b465ee728b)  -> (artifact id: '00000000000000000000000000000000') in 0.000206 seconds
  ERROR: Build asset version error: assets/scripts/tweenfade.cs in SourceAssetDB has modification time of '2020-12-12T11:33:05.6804866Z' while content on disk has modification time of '2020-12-12T11:33:16.5397237Z'
  Import took 0.003900 seconds .

========================================================================
Received Import Request.
  Time since last request: 0.112449 seconds.
  path: Assets/Scripts/TweenFade.cs
  artifactKey: Guid(6f9fc60bbe50bd4429e6026c91634cce) Importer(815301076,1909f56bfc062723c751e8b465ee728b)
Start importing Assets/Scripts/TweenFade.cs using Guid(6f9fc60bbe50bd4429e6026c91634cce) Importer(815301076,1909f56bfc062723c751e8b465ee728b)  -> (artifact id: '00000000000000000000000000000000') in 0.000222 seconds
  ERROR: Build asset version error: assets/scripts/tweenfade.cs in SourceAssetDB has modification time of '2020-12-12T11:33:05.6804866Z' while content on disk has modification time of '2020-12-12T11:33:16.5397237Z'
  Import took 0.004319 seconds .

========================================================================
Received Import Request.
  Time since last request: 0.114671 seconds.
  path: Assets/Scripts/TweenFade.cs
  artifactKey: Guid(6f9fc60bbe50bd4429e6026c91634cce) Importer(815301076,1909f56bfc062723c751e8b465ee728b)
Start importing Assets/Scripts/TweenFade.cs using Guid(6f9fc60bbe50bd4429e6026c91634cce) Importer(815301076,1909f56bfc062723c751e8b465ee728b)  -> (artifact id: '00000000000000000000000000000000') in 0.000212 seconds
  ERROR: Build asset version error: assets/scripts/tweenfade.cs in SourceAssetDB has modification time of '2020-12-12T11:33:05.6804866Z' while content on disk has modification time of '2020-12-12T11:33:16.5397237Z'
  Import took 0.003689 seconds .

========================================================================
Received Import Request.
  Time since last request: 0.112054 seconds.
  path: Assets/Scripts/TweenFade.cs
  artifactKey: Guid(6f9fc60bbe50bd4429e6026c91634cce) Importer(815301076,1909f56bfc062723c751e8b465ee728b)
Start importing Assets/Scripts/TweenFade.cs using Guid(6f9fc60bbe50bd4429e6026c91634cce) Importer(815301076,1909f56bfc062723c751e8b465ee728b)  -> (artifact id: '00000000000000000000000000000000') in 0.000255 seconds
  ERROR: Build asset version error: assets/scripts/tweenfade.cs in SourceAssetDB has modification time of '2020-12-12T11:33:05.6804866Z' while content on disk has modification time of '2020-12-12T11:33:16.5397237Z'
  Import took 0.003606 seconds .

========================================================================
Received Import Request.
  Time since last request: 0.115001 seconds.
  path: Assets/Scripts/TweenFade.cs
  artifactKey: Guid(6f9fc60bbe50bd4429e6026c91634cce) Importer(815301076,1909f56bfc062723c751e8b465ee728b)
Start importing Assets/Scripts/TweenFade.cs using Guid(6f9fc60bbe50bd4429e6026c91634cce) Importer(815301076,1909f56bfc062723c751e8b465ee728b)  -> (artifact id: '00000000000000000000000000000000') in 0.000248 seconds
  ERROR: Build asset version error: assets/scripts/tweenfade.cs in SourceAssetDB has modification time of '2020-12-12T11:33:05.6804866Z' while content on disk has modification time of '2020-12-12T11:33:16.5397237Z'
  Import took 0.003959 seconds .

========================================================================
Received Import Request.
  Time since last request: 0.116399 seconds.
  path: Assets/Scripts/TweenFade.cs
  artifactKey: Guid(6f9fc60bbe50bd4429e6026c91634cce) Importer(815301076,1909f56bfc062723c751e8b465ee728b)
Start importing Assets/Scripts/TweenFade.cs using Guid(6f9fc60bbe50bd4429e6026c91634cce) Importer(815301076,1909f56bfc062723c751e8b465ee728b)  -> (artifact id: '00000000000000000000000000000000') in 0.000418 seconds
  ERROR: Build asset version error: assets/scripts/tweenfade.cs in SourceAssetDB has modification time of '2020-12-12T11:33:05.6804866Z' while content on disk has modification time of '2020-12-12T11:33:16.5397237Z'
  Import took 0.006592 seconds .

========================================================================
Received Import Request.
  Time since last request: 0.117698 seconds.
  path: Assets/Scripts/TweenFade.cs
  artifactKey: Guid(6f9fc60bbe50bd4429e6026c91634cce) Importer(815301076,1909f56bfc062723c751e8b465ee728b)
Start importing Assets/Scripts/TweenFade.cs using Guid(6f9fc60bbe50bd4429e6026c91634cce) Importer(815301076,1909f56bfc062723c751e8b465ee728b)  -> (artifact id: '00000000000000000000000000000000') in 0.000338 seconds
  ERROR: Build asset version error: assets/scripts/tweenfade.cs in SourceAssetDB has modification time of '2020-12-12T11:33:05.6804866Z' while content on disk has modification time of '2020-12-12T11:33:16.5397237Z'
  Import took 0.006283 seconds .

========================================================================
Received Import Request.
  Time since last request: 0.110442 seconds.
  path: Assets/Scripts/TweenFade.cs
  artifactKey: Guid(6f9fc60bbe50bd4429e6026c91634cce) Importer(815301076,1909f56bfc062723c751e8b465ee728b)
Start importing Assets/Scripts/TweenFade.cs using Guid(6f9fc60bbe50bd4429e6026c91634cce) Importer(815301076,1909f56bfc062723c751e8b465ee728b)  -> (artifact id: '00000000000000000000000000000000') in 0.000223 seconds
  ERROR: Build asset version error: assets/scripts/tweenfade.cs in SourceAssetDB has modification time of '2020-12-12T11:33:05.6804866Z' while content on disk has modification time of '2020-12-12T11:33:16.5397237Z'
  Import took 0.003659 seconds .

========================================================================
Received Import Request.
  Time since last request: 0.112586 seconds.
  path: Assets/Scripts/TweenFade.cs
  artifactKey: Guid(6f9fc60bbe50bd4429e6026c91634cce) Importer(815301076,1909f56bfc062723c751e8b465ee728b)
Start importing Assets/Scripts/TweenFade.cs using Guid(6f9fc60bbe50bd4429e6026c91634cce) Importer(815301076,1909f56bfc062723c751e8b465ee728b)  -> (artifact id: '00000000000000000000000000000000') in 0.000214 seconds
  ERROR: Build asset version error: assets/scripts/tweenfade.cs in SourceAssetDB has modification time of '2020-12-12T11:33:05.6804866Z' while content on disk has modification time of '2020-12-12T11:33:16.5397237Z'
  Import took 0.003623 seconds .

========================================================================
Received Import Request.
  Time since last request: 0.114230 seconds.
  path: Assets/Scripts/TweenFade.cs
  artifactKey: Guid(6f9fc60bbe50bd4429e6026c91634cce) Importer(815301076,1909f56bfc062723c751e8b465ee728b)
Start importing Assets/Scripts/TweenFade.cs using Guid(6f9fc60bbe50bd4429e6026c91634cce) Importer(815301076,1909f56bfc062723c751e8b465ee728b)  -> (artifact id: '00000000000000000000000000000000') in 0.000418 seconds
  ERROR: Build asset version error: assets/scripts/tweenfade.cs in SourceAssetDB has modification time of '2020-12-12T11:33:05.6804866Z' while content on disk has modification time of '2020-12-12T11:33:16.5397237Z'
  Import took 0.004101 seconds .

========================================================================
Received Import Request.
  Time since last request: 0.112337 seconds.
  path: Assets/Scripts/TweenFade.cs
  artifactKey: Guid(6f9fc60bbe50bd4429e6026c91634cce) Importer(815301076,1909f56bfc062723c751e8b465ee728b)
Start importing Assets/Scripts/TweenFade.cs using Guid(6f9fc60bbe50bd4429e6026c91634cce) Importer(815301076,1909f56bfc062723c751e8b465ee728b)  -> (artifact id: '00000000000000000000000000000000') in 0.000212 seconds
  ERROR: Build asset version error: assets/scripts/tweenfade.cs in SourceAssetDB has modification time of '2020-12-12T11:33:05.6804866Z' while content on disk has modification time of '2020-12-12T11:33:16.5397237Z'
  Import took 0.003467 seconds .

========================================================================
Received Import Request.
  Time since last request: 0.115158 seconds.
  path: Assets/Scripts/TweenFade.cs
  artifactKey: Guid(6f9fc60bbe50bd4429e6026c91634cce) Importer(815301076,1909f56bfc062723c751e8b465ee728b)
Start importing Assets/Scripts/TweenFade.cs using Guid(6f9fc60bbe50bd4429e6026c91634cce) Importer(815301076,1909f56bfc062723c751e8b465ee728b)  -> (artifact id: '00000000000000000000000000000000') in 0.000400 seconds
  ERROR: Build asset version error: assets/scripts/tweenfade.cs in SourceAssetDB has modification time of '2020-12-12T11:33:05.6804866Z' while content on disk has modification time of '2020-12-12T11:33:16.5397237Z'
  Import took 0.005062 seconds .

========================================================================
Received Import Request.
  Time since last request: 0.119138 seconds.
  path: Assets/Scripts/TweenFade.cs
  artifactKey: Guid(6f9fc60bbe50bd4429e6026c91634cce) Importer(815301076,1909f56bfc062723c751e8b465ee728b)
Start importing Assets/Scripts/TweenFade.cs using Guid(6f9fc60bbe50bd4429e6026c91634cce) Importer(815301076,1909f56bfc062723c751e8b465ee728b)  -> (artifact id: '00000000000000000000000000000000') in 0.000289 seconds
  ERROR: Build asset version error: assets/scripts/tweenfade.cs in SourceAssetDB has modification time of '2020-12-12T11:33:05.6804866Z' while content on disk has modification time of '2020-12-12T11:33:16.5397237Z'
  Import took 0.005604 seconds .

========================================================================
Received Import Request.
  Time since last request: 0.112166 seconds.
  path: Assets/Scripts/TweenFade.cs
  artifactKey: Guid(6f9fc60bbe50bd4429e6026c91634cce) Importer(815301076,1909f56bfc062723c751e8b465ee728b)
Start importing Assets/Scripts/TweenFade.cs using Guid(6f9fc60bbe50bd4429e6026c91634cce) Importer(815301076,1909f56bfc062723c751e8b465ee728b)  -> (artifact id: '00000000000000000000000000000000') in 0.000233 seconds
  ERROR: Build asset version error: assets/scripts/tweenfade.cs in SourceAssetDB has modification time of '2020-12-12T11:33:05.6804866Z' while content on disk has modification time of '2020-12-12T11:33:16.5397237Z'
  Import took 0.003616 seconds .

========================================================================
Received Import Request.
  Time since last request: 0.113137 seconds.
  path: Assets/Scripts/TweenFade.cs
  artifactKey: Guid(6f9fc60bbe50bd4429e6026c91634cce) Importer(815301076,1909f56bfc062723c751e8b465ee728b)
Start importing Assets/Scripts/TweenFade.cs using Guid(6f9fc60bbe50bd4429e6026c91634cce) Importer(815301076,1909f56bfc062723c751e8b465ee728b)  -> (artifact id: '00000000000000000000000000000000') in 0.000318 seconds
  ERROR: Build asset version error: assets/scripts/tweenfade.cs in SourceAssetDB has modification time of '2020-12-12T11:33:05.6804866Z' while content on disk has modification time of '2020-12-12T11:33:16.5397237Z'
  Import took 0.004381 seconds .

========================================================================
Received Import Request.
  Time since last request: 0.111431 seconds.
  path: Assets/Scripts/TweenFade.cs
  artifactKey: Guid(6f9fc60bbe50bd4429e6026c91634cce) Importer(815301076,1909f56bfc062723c751e8b465ee728b)
Start importing Assets/Scripts/TweenFade.cs using Guid(6f9fc60bbe50bd4429e6026c91634cce) Importer(815301076,1909f56bfc062723c751e8b465ee728b)  -> (artifact id: '00000000000000000000000000000000') in 0.000243 seconds
  ERROR: Build asset version error: assets/scripts/tweenfade.cs in SourceAssetDB has modification time of '2020-12-12T11:33:05.6804866Z' while content on disk has modification time of '2020-12-12T11:33:16.5397237Z'
  Import took 0.003712 seconds .

========================================================================
Received Import Request.
  Time since last request: 0.113555 seconds.
  path: Assets/Scripts/TweenFade.cs
  artifactKey: Guid(6f9fc60bbe50bd4429e6026c91634cce) Importer(815301076,1909f56bfc062723c751e8b465ee728b)
Start importing Assets/Scripts/TweenFade.cs using Guid(6f9fc60bbe50bd4429e6026c91634cce) Importer(815301076,1909f56bfc062723c751e8b465ee728b)  -> (artifact id: '00000000000000000000000000000000') in 0.000268 seconds
  ERROR: Build asset version error: assets/scripts/tweenfade.cs in SourceAssetDB has modification time of '2020-12-12T11:33:05.6804866Z' while content on disk has modification time of '2020-12-12T11:33:16.5397237Z'
  Import took 0.004050 seconds .

========================================================================
Received Import Request.
  Time since last request: 0.111842 seconds.
  path: Assets/Scripts/TweenFade.cs
  artifactKey: Guid(6f9fc60bbe50bd4429e6026c91634cce) Importer(815301076,1909f56bfc062723c751e8b465ee728b)
Start importing Assets/Scripts/TweenFade.cs using Guid(6f9fc60bbe50bd4429e6026c91634cce) Importer(815301076,1909f56bfc062723c751e8b465ee728b)  -> (artifact id: '00000000000000000000000000000000') in 0.000257 seconds
  ERROR: Build asset version error: assets/scripts/tweenfade.cs in SourceAssetDB has modification time of '2020-12-12T11:33:05.6804866Z' while content on disk has modification time of '2020-12-12T11:33:16.5397237Z'
  Import took 0.003426 seconds .

========================================================================
Received Import Request.
  Time since last request: 0.119860 seconds.
  path: Assets/Scripts/TweenFade.cs
  artifactKey: Guid(6f9fc60bbe50bd4429e6026c91634cce) Importer(815301076,1909f56bfc062723c751e8b465ee728b)
Start importing Assets/Scripts/TweenFade.cs using Guid(6f9fc60bbe50bd4429e6026c91634cce) Importer(815301076,1909f56bfc062723c751e8b465ee728b)  -> (artifact id: '00000000000000000000000000000000') in 0.000230 seconds
  ERROR: Build asset version error: assets/scripts/tweenfade.cs in SourceAssetDB has modification time of '2020-12-12T11:33:05.6804866Z' while content on disk has modification time of '2020-12-12T11:33:16.5397237Z'
  Import took 0.003859 seconds .

========================================================================
Received Import Request.
  Time since last request: 0.112928 seconds.
  path: Assets/Scripts/TweenFade.cs
  artifactKey: Guid(6f9fc60bbe50bd4429e6026c91634cce) Importer(815301076,1909f56bfc062723c751e8b465ee728b)
Start importing Assets/Scripts/TweenFade.cs using Guid(6f9fc60bbe50bd4429e6026c91634cce) Importer(815301076,1909f56bfc062723c751e8b465ee728b)  -> (artifact id: '00000000000000000000000000000000') in 0.000231 seconds
  ERROR: Build asset version error: assets/scripts/tweenfade.cs in SourceAssetDB has modification time of '2020-12-12T11:33:05.6804866Z' while content on disk has modification time of '2020-12-12T11:33:16.5397237Z'
  Import took 0.004401 seconds .

========================================================================
Received Import Request.
  Time since last request: 0.118901 seconds.
  path: Assets/Scripts/TweenFade.cs
  artifactKey: Guid(6f9fc60bbe50bd4429e6026c91634cce) Importer(815301076,1909f56bfc062723c751e8b465ee728b)
Start importing Assets/Scripts/TweenFade.cs using Guid(6f9fc60bbe50bd4429e6026c91634cce) Importer(815301076,1909f56bfc062723c751e8b465ee728b)  -> (artifact id: '00000000000000000000000000000000') in 0.000246 seconds
  ERROR: Build asset version error: assets/scripts/tweenfade.cs in SourceAssetDB has modification time of '2020-12-12T11:33:05.6804866Z' while content on disk has modification time of '2020-12-12T11:33:16.5397237Z'
  Import took 0.003960 seconds .

========================================================================
Received Import Request.
  Time since last request: 0.121397 seconds.
  path: Assets/Scripts/TweenFade.cs
  artifactKey: Guid(6f9fc60bbe50bd4429e6026c91634cce) Importer(815301076,1909f56bfc062723c751e8b465ee728b)
Start importing Assets/Scripts/TweenFade.cs using Guid(6f9fc60bbe50bd4429e6026c91634cce) Importer(815301076,1909f56bfc062723c751e8b465ee728b)  -> (artifact id: '00000000000000000000000000000000') in 0.000434 seconds
  ERROR: Build asset version error: assets/scripts/tweenfade.cs in SourceAssetDB has modification time of '2020-12-12T11:33:05.6804866Z' while content on disk has modification time of '2020-12-12T11:33:16.5397237Z'
  Import took 0.005578 seconds .

========================================================================
Received Import Request.
  Time since last request: 0.112119 seconds.
  path: Assets/Scripts/TweenFade.cs
  artifactKey: Guid(6f9fc60bbe50bd4429e6026c91634cce) Importer(815301076,1909f56bfc062723c751e8b465ee728b)
Start importing Assets/Scripts/TweenFade.cs using Guid(6f9fc60bbe50bd4429e6026c91634cce) Importer(815301076,1909f56bfc062723c751e8b465ee728b)  -> (artifact id: '00000000000000000000000000000000') in 0.000384 seconds
  ERROR: Build asset version error: assets/scripts/tweenfade.cs in SourceAssetDB has modification time of '2020-12-12T11:33:05.6804866Z' while content on disk has modification time of '2020-12-12T11:33:16.5397237Z'
  Import took 0.005115 seconds .

========================================================================
Received Import Request.
  Time since last request: 0.112999 seconds.
  path: Assets/Scripts/TweenFade.cs
  artifactKey: Guid(6f9fc60bbe50bd4429e6026c91634cce) Importer(815301076,1909f56bfc062723c751e8b465ee728b)
Start importing Assets/Scripts/TweenFade.cs using Guid(6f9fc60bbe50bd4429e6026c91634cce) Importer(815301076,1909f56bfc062723c751e8b465ee728b)  -> (artifact id: '00000000000000000000000000000000') in 0.000219 seconds
  ERROR: Build asset version error: assets/scripts/tweenfade.cs in SourceAssetDB has modification time of '2020-12-12T11:33:05.6804866Z' while content on disk has modification time of '2020-12-12T11:33:16.5397237Z'
  Import took 0.003605 seconds .

========================================================================
Received Import Request.
  Time since last request: 0.118978 seconds.
  path: Assets/Scripts/TweenFade.cs
  artifactKey: Guid(6f9fc60bbe50bd4429e6026c91634cce) Importer(815301076,1909f56bfc062723c751e8b465ee728b)
Start importing Assets/Scripts/TweenFade.cs using Guid(6f9fc60bbe50bd4429e6026c91634cce) Importer(815301076,1909f56bfc062723c751e8b465ee728b)  -> (artifact id: '00000000000000000000000000000000') in 0.000293 seconds
  ERROR: Build asset version error: assets/scripts/tweenfade.cs in SourceAssetDB has modification time of '2020-12-12T11:33:05.6804866Z' while content on disk has modification time of '2020-12-12T11:33:16.5397237Z'
  Import took 0.005303 seconds .

========================================================================
Received Import Request.
  Time since last request: 0.114326 seconds.
  path: Assets/Scripts/TweenFade.cs
  artifactKey: Guid(6f9fc60bbe50bd4429e6026c91634cce) Importer(815301076,1909f56bfc062723c751e8b465ee728b)
Start importing Assets/Scripts/TweenFade.cs using Guid(6f9fc60bbe50bd4429e6026c91634cce) Importer(815301076,1909f56bfc062723c751e8b465ee728b)  -> (artifact id: '00000000000000000000000000000000') in 0.000304 seconds
  ERROR: Build asset version error: assets/scripts/tweenfade.cs in SourceAssetDB has modification time of '2020-12-12T11:33:05.6804866Z' while content on disk has modification time of '2020-12-12T11:33:16.5397237Z'
  Import took 0.005731 seconds .

========================================================================
Received Import Request.
  Time since last request: 0.114031 seconds.
  path: Assets/Scripts/TweenFade.cs
  artifactKey: Guid(6f9fc60bbe50bd4429e6026c91634cce) Importer(815301076,1909f56bfc062723c751e8b465ee728b)
Start importing Assets/Scripts/TweenFade.cs using Guid(6f9fc60bbe50bd4429e6026c91634cce) Importer(815301076,1909f56bfc062723c751e8b465ee728b)  -> (artifact id: '00000000000000000000000000000000') in 0.000354 seconds
  ERROR: Build asset version error: assets/scripts/tweenfade.cs in SourceAssetDB has modification time of '2020-12-12T11:33:05.6804866Z' while content on disk has modification time of '2020-12-12T11:33:16.5397237Z'
  Import took 0.004336 seconds .

========================================================================
Received Import Request.
  Time since last request: 0.112305 seconds.
  path: Assets/Scripts/TweenFade.cs
  artifactKey: Guid(6f9fc60bbe50bd4429e6026c91634cce) Importer(815301076,1909f56bfc062723c751e8b465ee728b)
Start importing Assets/Scripts/TweenFade.cs using Guid(6f9fc60bbe50bd4429e6026c91634cce) Importer(815301076,1909f56bfc062723c751e8b465ee728b)  -> (artifact id: '00000000000000000000000000000000') in 0.000223 seconds
  ERROR: Build asset version error: assets/scripts/tweenfade.cs in SourceAssetDB has modification time of '2020-12-12T11:33:05.6804866Z' while content on disk has modification time of '2020-12-12T11:33:16.5397237Z'
  Import took 0.004168 seconds .

========================================================================
Received Prepare
Reloading mono domain
Begin MonoManager ReloadAssembly
Registering precompiled unity dll's ...
Register platform support module: Z:/UNITY EDITORS/2020.2.0a21/Editor/Data/PlaybackEngines/WindowsStandaloneSupport/UnityEditor.WindowsStandalone.Extensions.dll
Registered in 0.000969 seconds.
Symbol file LoadedFromMemory doesn't match image Z:\projects\TweenExample\Library\PackageCache\com.unity.ext.nunit@1.0.0\net35\unity-custom\nunit.framework.dll
Native extension for WindowsStandalone target not found
Refreshing native plugins compatible for Editor in 31.19 ms, found 1 plugins.
Preloading 0 native plugins for Editor in 0.00 ms.
Invoked RoslynAnalysisRunner static constructor.
RoslynAnalysisRunner will not be running.
RoslynAnalysisRunner has terminated.
Mono: successfully reloaded assembly
- Completed reload, in  0.947 seconds
Registering precompiled user dll's ...
Registered in 0.106189 seconds.
Platform modules already initialized, skipping
Begin MonoManager ReloadAssembly
Symbol file LoadedFromMemory doesn't match image Z:\projects\TweenExample\Library\PackageCache\com.unity.ext.nunit@1.0.0\net35\unity-custom\nunit.framework.dll
Native extension for WindowsStandalone target not found
Refreshing native plugins compatible for Editor in 0.55 ms, found 1 plugins.
Preloading 0 native plugins for Editor in 0.00 ms.
Invoked RoslynAnalysisRunner static constructor.
RoslynAnalysisRunner will not be running.
RoslynAnalysisRunner has terminated.
Mono: successfully reloaded assembly
- Completed reload, in  0.938 seconds
Platform modules already initialized, skipping
Refreshing native plugins compatible for Editor in 0.36 ms, found 1 plugins.
Preloading 0 native plugins for Editor in 0.00 ms.
Unloading 14 Unused Serialized files (Serialized files now loaded: 0)
System memory in use before: 50.1 MB.
System memory in use after: 50.1 MB.

Unloading 12 unused Assets to reduce memory usage. Loaded Objects now: 2247.
Total: 2.519700 ms (FindLiveObjects: 0.485700 ms CreateObjectMapping: 0.080300 ms MarkObjects: 1.863000 ms  DeleteObjects: 0.089100 ms)

========================================================================
Received Import Request.
  Time since last request: 4.579859 seconds.
  path: Assets/Scripts/TweenFade.cs
  artifactKey: Guid(6f9fc60bbe50bd4429e6026c91634cce) Importer(815301076,1909f56bfc062723c751e8b465ee728b)
Start importing Assets/Scripts/TweenFade.cs using Guid(6f9fc60bbe50bd4429e6026c91634cce) Importer(815301076,1909f56bfc062723c751e8b465ee728b)  -> (artifact id: '9adfb8e1e90fdb4a32f439b2eb025ebd') in 0.015190 seconds
  Import took 0.019978 seconds .

========================================================================
Received Prepare
Reloading mono domain
Begin MonoManager ReloadAssembly
Registering precompiled unity dll's ...
Register platform support module: Z:/UNITY EDITORS/2020.2.0a21/Editor/Data/PlaybackEngines/WindowsStandaloneSupport/UnityEditor.WindowsStandalone.Extensions.dll
Registered in 0.001098 seconds.
Symbol file LoadedFromMemory doesn't match image Z:\projects\TweenExample\Library\PackageCache\com.unity.ext.nunit@1.0.0\net35\unity-custom\nunit.framework.dll
Native extension for WindowsStandalone target not found
Refreshing native plugins compatible for Editor in 39.66 ms, found 1 plugins.
Preloading 0 native plugins for Editor in 0.00 ms.
Invoked RoslynAnalysisRunner static constructor.
RoslynAnalysisRunner will not be running.
RoslynAnalysisRunner has terminated.
Mono: successfully reloaded assembly
- Completed reload, in  1.011 seconds
Registering precompiled user dll's ...
Registered in 0.115578 seconds.
Platform modules already initialized, skipping
Begin MonoManager ReloadAssembly
Symbol file LoadedFromMemory doesn't match image Z:\projects\TweenExample\Library\PackageCache\com.unity.ext.nunit@1.0.0\net35\unity-custom\nunit.framework.dll
Native extension for WindowsStandalone target not found
Refreshing native plugins compatible for Editor in 0.34 ms, found 1 plugins.
Preloading 0 native plugins for Editor in 0.00 ms.
Invoked RoslynAnalysisRunner static constructor.
RoslynAnalysisRunner will not be running.
RoslynAnalysisRunner has terminated.
Mono: successfully reloaded assembly
- Completed reload, in  0.856 seconds
Platform modules already initialized, skipping
Refreshing native plugins compatible for Editor in 0.98 ms, found 1 plugins.
Preloading 0 native plugins for Editor in 0.00 ms.
Unloading 13 Unused Serialized files (Serialized files now loaded: 0)
System memory in use before: 50.2 MB.
System memory in use after: 50.2 MB.

Unloading 12 unused Assets to reduce memory usage. Loaded Objects now: 2252.
Total: 2.543600 ms (FindLiveObjects: 0.386600 ms CreateObjectMapping: 0.137400 ms MarkObjects: 1.903800 ms  DeleteObjects: 0.115100 ms)

========================================================================
Received Prepare
Reloading mono domain
Begin MonoManager ReloadAssembly
Registering precompiled unity dll's ...
Register platform support module: Z:/UNITY EDITORS/2020.2.0a21/Editor/Data/PlaybackEngines/WindowsStandaloneSupport/UnityEditor.WindowsStandalone.Extensions.dll
Registered in 0.000909 seconds.
Symbol file LoadedFromMemory doesn't match image Z:\projects\TweenExample\Library\PackageCache\com.unity.ext.nunit@1.0.0\net35\unity-custom\nunit.framework.dll
Native extension for WindowsStandalone target not found
Refreshing native plugins compatible for Editor in 34.55 ms, found 1 plugins.
Preloading 0 native plugins for Editor in 0.00 ms.
Invoked RoslynAnalysisRunner static constructor.
RoslynAnalysisRunner will not be running.
RoslynAnalysisRunner has terminated.
Mono: successfully reloaded assembly
- Completed reload, in  1.011 seconds
Registering precompiled user dll's ...
Registered in 0.151047 seconds.
Platform modules already initialized, skipping
Begin MonoManager ReloadAssembly
Symbol file LoadedFromMemory doesn't match image Z:\projects\TweenExample\Library\PackageCache\com.unity.ext.nunit@1.0.0\net35\unity-custom\nunit.framework.dll
Native extension for WindowsStandalone target not found
Refreshing native plugins compatible for Editor in 0.34 ms, found 1 plugins.
Preloading 0 native plugins for Editor in 0.00 ms.
Invoked RoslynAnalysisRunner static constructor.
RoslynAnalysisRunner will not be running.
RoslynAnalysisRunner has terminated.
Mono: successfully reloaded assembly
- Completed reload, in  1.050 seconds
Platform modules already initialized, skipping
Refreshing native plugins compatible for Editor in 0.41 ms, found 1 plugins.
Preloading 0 native plugins for Editor in 0.00 ms.
Unloading 13 Unused Serialized files (Serialized files now loaded: 0)
System memory in use before: 50.2 MB.
System memory in use after: 50.2 MB.

Unloading 12 unused Assets to reduce memory usage. Loaded Objects now: 2257.
Total: 2.812300 ms (FindLiveObjects: 0.505400 ms CreateObjectMapping: 0.152400 ms MarkObjects: 2.048900 ms  DeleteObjects: 0.104600 ms)

========================================================================
Received Prepare
Reloading mono domain
Begin MonoManager ReloadAssembly
Registering precompiled unity dll's ...
Register platform support module: Z:/UNITY EDITORS/2020.2.0a21/Editor/Data/PlaybackEngines/WindowsStandaloneSupport/UnityEditor.WindowsStandalone.Extensions.dll
Registered in 0.000992 seconds.
Symbol file LoadedFromMemory doesn't match image Z:\projects\TweenExample\Library\PackageCache\com.unity.ext.nunit@1.0.0\net35\unity-custom\nunit.framework.dll
Native extension for WindowsStandalone target not found
Refreshing native plugins compatible for Editor in 34.75 ms, found 1 plugins.
Preloading 0 native plugins for Editor in 0.00 ms.
Invoked RoslynAnalysisRunner static constructor.
RoslynAnalysisRunner will not be running.
RoslynAnalysisRunner has terminated.
Mono: successfully reloaded assembly
- Completed reload, in  0.987 seconds
Registering precompiled user dll's ...
Registered in 0.129561 seconds.
Platform modules already initialized, skipping
Begin MonoManager ReloadAssembly
Symbol file LoadedFromMemory doesn't match image Z:\projects\TweenExample\Library\PackageCache\com.unity.ext.nunit@1.0.0\net35\unity-custom\nunit.framework.dll
Native extension for WindowsStandalone target not found
Refreshing native plugins compatible for Editor in 0.33 ms, found 1 plugins.
Preloading 0 native plugins for Editor in 0.00 ms.
Invoked RoslynAnalysisRunner static constructor.
RoslynAnalysisRunner will not be running.
RoslynAnalysisRunner has terminated.
Mono: successfully reloaded assembly
- Completed reload, in  0.994 seconds
Platform modules already initialized, skipping
Refreshing native plugins compatible for Editor in 0.37 ms, found 1 plugins.
Preloading 0 native plugins for Editor in 0.00 ms.
Unloading 13 Unused Serialized files (Serialized files now loaded: 0)
System memory in use before: 50.3 MB.
System memory in use after: 50.3 MB.

Unloading 12 unused Assets to reduce memory usage. Loaded Objects now: 2262.
Total: 2.645500 ms (FindLiveObjects: 0.401000 ms CreateObjectMapping: 0.162200 ms MarkObjects: 1.983600 ms  DeleteObjects: 0.097400 ms)

========================================================================
Received Prepare
Reloading mono domain
Begin MonoManager ReloadAssembly
Registering precompiled unity dll's ...
Register platform support module: Z:/UNITY EDITORS/2020.2.0a21/Editor/Data/PlaybackEngines/WindowsStandaloneSupport/UnityEditor.WindowsStandalone.Extensions.dll
Registered in 0.000956 seconds.
Symbol file LoadedFromMemory doesn't match image Z:\projects\TweenExample\Library\PackageCache\com.unity.ext.nunit@1.0.0\net35\unity-custom\nunit.framework.dll
Native extension for WindowsStandalone target not found
Refreshing native plugins compatible for Editor in 40.23 ms, found 1 plugins.
Preloading 0 native plugins for Editor in 0.00 ms.
Invoked RoslynAnalysisRunner static constructor.
RoslynAnalysisRunner will not be running.
RoslynAnalysisRunner has terminated.
Mono: successfully reloaded assembly
- Completed reload, in  1.040 seconds
Registering precompiled user dll's ...
Registered in 0.111433 seconds.
Platform modules already initialized, skipping
Begin MonoManager ReloadAssembly
Symbol file LoadedFromMemory doesn't match image Z:\projects\TweenExample\Library\PackageCache\com.unity.ext.nunit@1.0.0\net35\unity-custom\nunit.framework.dll
Native extension for WindowsStandalone target not found
Refreshing native plugins compatible for Editor in 0.34 ms, found 1 plugins.
Preloading 0 native plugins for Editor in 0.00 ms.
Invoked RoslynAnalysisRunner static constructor.
RoslynAnalysisRunner will not be running.
RoslynAnalysisRunner has terminated.
Mono: successfully reloaded assembly
- Completed reload, in  0.998 seconds
Platform modules already initialized, skipping
Refreshing native plugins compatible for Editor in 0.34 ms, found 1 plugins.
Preloading 0 native plugins for Editor in 0.00 ms.
Unloading 13 Unused Serialized files (Serialized files now loaded: 0)
System memory in use before: 50.4 MB.
System memory in use after: 50.4 MB.

Unloading 12 unused Assets to reduce memory usage. Loaded Objects now: 2267.
Total: 2.763400 ms (FindLiveObjects: 0.482600 ms CreateObjectMapping: 0.177600 ms MarkObjects: 1.977000 ms  DeleteObjects: 0.125400 ms)

========================================================================
Received Prepare
Reloading mono domain
Begin MonoManager ReloadAssembly
Registering precompiled unity dll's ...
Register platform support module: Z:/UNITY EDITORS/2020.2.0a21/Editor/Data/PlaybackEngines/WindowsStandaloneSupport/UnityEditor.WindowsStandalone.Extensions.dll
Registered in 0.001009 seconds.
Symbol file LoadedFromMemory doesn't match image Z:\projects\TweenExample\Library\PackageCache\com.unity.ext.nunit@1.0.0\net35\unity-custom\nunit.framework.dll
Native extension for WindowsStandalone target not found
Refreshing native plugins compatible for Editor in 44.75 ms, found 1 plugins.
Preloading 0 native plugins for Editor in 0.00 ms.
Invoked RoslynAnalysisRunner static constructor.
RoslynAnalysisRunner will not be running.
RoslynAnalysisRunner has terminated.
Mono: successfully reloaded assembly
- Completed reload, in  1.100 seconds
Registering precompiled user dll's ...
Registered in 0.114795 seconds.
Platform modules already initialized, skipping
Begin MonoManager ReloadAssembly
Symbol file LoadedFromMemory doesn't match image Z:\projects\TweenExample\Library\PackageCache\com.unity.ext.nunit@1.0.0\net35\unity-custom\nunit.framework.dll
Native extension for WindowsStandalone target not found
Refreshing native plugins compatible for Editor in 0.33 ms, found 1 plugins.
Preloading 0 native plugins for Editor in 0.00 ms.
Invoked RoslynAnalysisRunner static constructor.
RoslynAnalysisRunner will not be running.
RoslynAnalysisRunner has terminated.
Mono: successfully reloaded assembly
- Completed reload, in  0.987 seconds
Platform modules already initialized, skipping
Refreshing native plugins compatible for Editor in 0.31 ms, found 1 plugins.
Preloading 0 native plugins for Editor in 0.00 ms.
Unloading 13 Unused Serialized files (Serialized files now loaded: 0)
System memory in use before: 50.4 MB.
System memory in use after: 50.4 MB.

Unloading 12 unused Assets to reduce memory usage. Loaded Objects now: 2272.
Total: 3.272200 ms (FindLiveObjects: 0.449900 ms CreateObjectMapping: 0.138800 ms MarkObjects: 2.565700 ms  DeleteObjects: 0.116700 ms)

========================================================================
Received Prepare
Reloading mono domain
Begin MonoManager ReloadAssembly
Registering precompiled unity dll's ...
Register platform support module: Z:/UNITY EDITORS/2020.2.0a21/Editor/Data/PlaybackEngines/WindowsStandaloneSupport/UnityEditor.WindowsStandalone.Extensions.dll
Registered in 0.001438 seconds.
Symbol file LoadedFromMemory doesn't match image Z:\projects\TweenExample\Library\PackageCache\com.unity.ext.nunit@1.0.0\net35\unity-custom\nunit.framework.dll
Native extension for WindowsStandalone target not found
Refreshing native plugins compatible for Editor in 45.32 ms, found 1 plugins.
Preloading 0 native plugins for Editor in 0.00 ms.
Invoked RoslynAnalysisRunner static constructor.
RoslynAnalysisRunner will not be running.
RoslynAnalysisRunner has terminated.
Mono: successfully reloaded assembly
- Completed reload, in  1.315 seconds
Registering precompiled user dll's ...
Registered in 0.109073 seconds.
Platform modules already initialized, skipping
Begin MonoManager ReloadAssembly
Symbol file LoadedFromMemory doesn't match image Z:\projects\TweenExample\Library\PackageCache\com.unity.ext.nunit@1.0.0\net35\unity-custom\nunit.framework.dll
Native extension for WindowsStandalone target not found
Refreshing native plugins compatible for Editor in 0.35 ms, found 1 plugins.
Preloading 0 native plugins for Editor in 0.00 ms.
Invoked RoslynAnalysisRunner static constructor.
RoslynAnalysisRunner will not be running.
RoslynAnalysisRunner has terminated.
Mono: successfully reloaded assembly
- Completed reload, in  1.073 seconds
Platform modules already initialized, skipping
Refreshing native plugins compatible for Editor in 0.41 ms, found 1 plugins.
Preloading 0 native plugins for Editor in 0.00 ms.
Unloading 13 Unused Serialized files (Serialized files now loaded: 0)
System memory in use before: 50.5 MB.
System memory in use after: 50.5 MB.

Unloading 12 unused Assets to reduce memory usage. Loaded Objects now: 2277.
Total: 3.294500 ms (FindLiveObjects: 0.826700 ms CreateObjectMapping: 0.239400 ms MarkObjects: 2.120200 ms  DeleteObjects: 0.106400 ms)

========================================================================
Received Prepare
Reloading mono domain
Begin MonoManager ReloadAssembly
Registering precompiled unity dll's ...
Register platform support module: Z:/UNITY EDITORS/2020.2.0a21/Editor/Data/PlaybackEngines/WindowsStandaloneSupport/UnityEditor.WindowsStandalone.Extensions.dll
Registered in 0.001175 seconds.
Symbol file LoadedFromMemory doesn't match image Z:\projects\TweenExample\Library\PackageCache\com.unity.ext.nunit@1.0.0\net35\unity-custom\nunit.framework.dll
Native extension for WindowsStandalone target not found
Refreshing native plugins compatible for Editor in 100.90 ms, found 1 plugins.
Preloading 0 native plugins for Editor in 0.00 ms.
Invoked RoslynAnalysisRunner static constructor.
RoslynAnalysisRunner will not be running.
RoslynAnalysisRunner has terminated.
Mono: successfully reloaded assembly
- Completed reload, in 11.315 seconds
Registering precompiled user dll's ...
Registered in 0.166588 seconds.
Platform modules already initialized, skipping
Begin MonoManager ReloadAssembly
Symbol file LoadedFromMemory doesn't match image Z:\projects\TweenExample\Library\PackageCache\com.unity.ext.nunit@1.0.0\net35\unity-custom\nunit.framework.dll
Native extension for WindowsStandalone target not found
Refreshing native plugins compatible for Editor in 0.45 ms, found 1 plugins.
Preloading 0 native plugins for Editor in 0.00 ms.
Invoked RoslynAnalysisRunner static constructor.
RoslynAnalysisRunner will not be running.
RoslynAnalysisRunner has terminated.
Mono: successfully reloaded assembly
- Completed reload, in  2.085 seconds
Platform modules already initialized, skipping
Refreshing native plugins compatible for Editor in 0.38 ms, found 1 plugins.
Preloading 0 native plugins for Editor in 0.00 ms.
Unloading 13 Unused Serialized files (Serialized files now loaded: 0)
System memory in use before: 50.6 MB.
System memory in use after: 50.6 MB.

Unloading 12 unused Assets to reduce memory usage. Loaded Objects now: 2282.
Total: 2.522200 ms (FindLiveObjects: 0.373900 ms CreateObjectMapping: 0.069300 ms MarkObjects: 1.967100 ms  DeleteObjects: 0.110600 ms)

AssetImportWorkerClient::OnTransportError - code=2 error=End of file
